2020-10-22 15:12:01 DEBUG req enter into the controllerAlbumTypeMaster [albumId=null, albumName=supraja, year=1996]
2020-10-22 15:12:01 DEBUG album type request enter into the service class  AlbumTypeMaster [albumId=null, albumName=supraja, year=1996]
2020-10-22 15:12:01 DEBUG req enter into the save method
2020-10-22 15:15:01 DEBUG req enter into the controllerAlbumTypeMaster [albumId=1, albumName=supraja, year=1996]
2020-10-22 15:15:01 DEBUG album type request enter into the service class  AlbumTypeMaster [albumId=1, albumName=supraja, year=1996]
2020-10-22 15:15:01 DEBUG req enter into the save method
2020-10-22 15:15:09 DEBUG req enter into the controllerAlbumTypeMaster [albumId=1, albumName=supraja, year=1996]
2020-10-22 15:15:09 DEBUG album type request enter into the service class  AlbumTypeMaster [albumId=1, albumName=supraja, year=1996]
2020-10-22 15:15:09 DEBUG req enter into the save method
2020-10-22 15:16:42 DEBUG req enter into the controllerAlbumTypeMaster [albumId=1, albumName=supraja, year=1996]
2020-10-22 15:16:42 DEBUG album type request enter into the service class  AlbumTypeMaster [albumId=1, albumName=supraja, year=1996]
2020-10-22 15:16:42 DEBUG req enter into the save method
2020-10-22 15:16:44 DEBUG req enter into the controllerAlbumTypeMaster [albumId=1, albumName=supraja, year=1996]
2020-10-22 15:16:44 DEBUG album type request enter into the service class  AlbumTypeMaster [albumId=1, albumName=supraja, year=1996]
2020-10-22 15:16:44 DEBUG req enter into the save method
2020-10-22 15:19:53 DEBUG req enter into the controllerAlbumTypeMaster [albumId=1, albumName=supraja, year=1996]
2020-10-22 15:19:53 DEBUG album type request enter into the service class  AlbumTypeMaster [albumId=1, albumName=supraja, year=1996]
2020-10-22 15:19:53 DEBUG req enter into the save method
2020-10-22 15:32:53 DEBUG req enter into the controllerAlbumTypeMaster [albumId=1, albumName=supraja, year=1996]
2020-10-22 15:32:53 DEBUG album type request enter into the service class  AlbumTypeMaster [albumId=1, albumName=supraja, year=1996]
2020-10-22 15:32:53 DEBUG req enter into the save method
2020-10-27 11:29:45 DEBUG req enter into the controllerAlbumTypeMaster [albumId=2, albumName=Lakshmi, year=1997]
2020-10-27 11:29:45 DEBUG album type request enter into the service class  AlbumTypeMaster [albumId=2, albumName=Lakshmi, year=1997]
2020-10-27 11:29:45 DEBUG req enter into the save method
2020-10-27 11:31:00 DEBUG req enter into the controllerAlbumTypeMaster [albumId=3, albumName=Raju, year=1998]
2020-10-27 11:31:00 DEBUG album type request enter into the service class  AlbumTypeMaster [albumId=3, albumName=Raju, year=1998]
2020-10-27 11:31:00 DEBUG req enter into the save method
2020-10-27 11:34:03 DEBUG Request coming in to the AlbumType service id method : 2
2020-10-27 11:50:32 DEBUG Request coming in to the  Album Type service GetAll method 
2020-10-27 12:16:42 DEBUG Request coming in to the AlbumType service id method : 2
2020-10-27 12:17:48 DEBUG Request coming in to the  Album Type service GetAll method 
2020-10-27 12:25:59 DEBUG Request coming in to the Album Type service delete method 
2020-10-27 12:26:01 DEBUG record deleted
2020-10-27 12:28:49 DEBUG Request coming in to the  Album Type service GetAll method 
2020-10-27 12:28:49 DEBUG Records found successfully
2020-10-27 15:19:09 DEBUG req enter into the controllerAlbumTypeMaster [albumId=3, albumName=Kusuma, year=1998]
2020-10-27 15:19:09 DEBUG album type request enter into the service class  AlbumTypeMaster [albumId=3, albumName=Kusuma, year=1998]
2020-10-27 15:19:35 DEBUG req enter into the controllerAlbumTypeMaster [albumId=3, albumName=Rani, year=1999]
2020-10-27 15:19:35 DEBUG album type request enter into the service class  AlbumTypeMaster [albumId=3, albumName=Rani, year=1999]
2020-10-27 15:19:59 DEBUG Incoming request job service getall method 
2020-10-27 15:20:11 DEBUG Incoming request Album Type service id method : 2
2020-10-27 15:20:18 DEBUG Incoming request Album Type service delete method : 3
2020-10-27 15:20:18 ERROR Record not found
2020-10-27 15:20:29 DEBUG Incoming request Album Type service delete method : 4
2020-10-27 17:02:18 DEBUG req enter into the controllerTitle [titleId=1, titleName=songs]
2020-10-27 17:02:18 DEBUG title request enter into the service class  Title [titleId=1, titleName=songs]
2020-10-27 17:02:38 DEBUG req enter into the controllerTitle [titleId=2, titleName=MelodySongs]
2020-10-27 17:02:38 DEBUG title request enter into the service class  Title [titleId=2, titleName=MelodySongs]
2020-10-27 17:02:50 DEBUG req enter into the controllerTitle [titleId=2, titleName=FolkSongs]
2020-10-27 17:02:50 DEBUG title request enter into the service class  Title [titleId=2, titleName=FolkSongs]
2020-10-27 17:03:51 DEBUG req enter into the controllerTitle [titleId=3, titleName=MelodySongs]
2020-10-27 17:03:51 DEBUG title request enter into the service class  Title [titleId=3, titleName=MelodySongs]
2020-10-27 17:04:33 DEBUG Incoming request title service id method : 2
2020-10-27 17:04:55 DEBUG Incoming request title service getall method 
2020-10-27 17:05:15 DEBUG Incoming request Album Type service delete method : 3
2020-10-27 17:07:33 DEBUG Incoming request Album Type service delete method : 2
2020-10-27 17:09:38 DEBUG Incoming request Album Type service delete method : 2
2020-10-27 17:10:03 DEBUG Incoming request Album Type service delete method : 3
2020-10-28 10:57:48 DEBUG req enter into the controllerArtist [artistId=1, artistName=Lakshmi, profession=singing]
2020-10-28 10:57:48 DEBUG title request enter into the service class  Artist [artistId=1, artistName=Lakshmi, profession=singing]
2020-10-28 10:58:36 DEBUG req enter into the controllerArtist [artistId=2, artistName=Rahul, profession=Musician]
2020-10-28 10:58:36 DEBUG title request enter into the service class  Artist [artistId=2, artistName=Rahul, profession=Musician]
2020-10-28 10:59:37 DEBUG req enter into the controllerArtist [artistId=3, artistName=Nagul, profession=dancing]
2020-10-28 10:59:37 DEBUG title request enter into the service class  Artist [artistId=3, artistName=Nagul, profession=dancing]
2020-10-28 10:59:57 DEBUG Incoming request Artist service id method : 2
2020-10-28 11:00:12 DEBUG Incoming request artist service getall method 
2020-10-28 11:02:32 DEBUG Incoming request artist service getall method 
2020-10-28 11:02:52 DEBUG Incoming request Artist service delete method : 3
2020-10-28 15:10:49 DEBUG req enter into the controllerGenreMaster [genreId=1, genreName=aaa]
2020-10-28 15:10:50 DEBUG title request enter into the service class  GenreMaster [genreId=1, genreName=aaa]
2020-10-28 15:11:17 DEBUG req enter into the controllerGenreMaster [genreId=2, genreName=bbb]
2020-10-28 15:11:17 DEBUG title request enter into the service class  GenreMaster [genreId=2, genreName=bbb]
2020-10-28 15:11:27 DEBUG req enter into the controllerGenreMaster [genreId=3, genreName=ccc]
2020-10-28 15:11:27 DEBUG title request enter into the service class  GenreMaster [genreId=3, genreName=ccc]
2020-10-28 15:11:36 DEBUG req enter into the controllerGenreMaster [genreId=4, genreName=ddd]
2020-10-28 15:11:36 DEBUG title request enter into the service class  GenreMaster [genreId=4, genreName=ddd]
2020-10-28 15:11:46 DEBUG req enter into the controllerGenreMaster [genreId=5, genreName=ggg]
2020-10-28 15:11:46 DEBUG title request enter into the service class  GenreMaster [genreId=5, genreName=ggg]
2020-10-28 15:12:02 DEBUG Incoming request title service id method : 4
2020-10-28 15:12:17 DEBUG Incoming request genre service getall method 
2020-10-28 15:13:42 DEBUG Incoming request genre service getall method 
2020-10-28 15:13:49 DEBUG Incoming request genre service getall method 
2020-10-28 15:14:12 DEBUG Incoming request genre service delete method : 5
2020-10-28 17:14:36 DEBUG req enter into the controllerMusicMaster [albumTypeMaster=AlbumTypeMaster [albumId=1, albumName=null, year=null], artistMaster=Artist [artistId=1, artistName=null, profession=null], genreMaster=GenreMaster [genreId=1, genreName=null], titleMaster=Title [titleId=1, titleName=null], musicId=null, getAlbumTypeMaster()=AlbumTypeMaster [albumId=1, albumName=null, year=null], getArtistMaster()=Artist [artistId=1, artistName=null, profession=null], getGenreMaster()=GenreMaster [genreId=1, genreName=null], getTitleMaster()=Title [titleId=1, titleName=null], getMusicId()=null, getClass()=class com.ojas.model.MusicMaster, hashCode()=1370756449, toString()=com.ojas.model.MusicMaster@51b41561]
2020-10-28 17:14:36 DEBUG title request enter into the service class  MusicMaster [albumTypeMaster=AlbumTypeMaster [albumId=1, albumName=null, year=null], artistMaster=Artist [artistId=1, artistName=null, profession=null], genreMaster=GenreMaster [genreId=1, genreName=null], titleMaster=Title [titleId=1, titleName=null], musicId=null, getAlbumTypeMaster()=AlbumTypeMaster [albumId=1, albumName=null, year=null], getArtistMaster()=Artist [artistId=1, artistName=null, profession=null], getGenreMaster()=GenreMaster [genreId=1, genreName=null], getTitleMaster()=Title [titleId=1, titleName=null], getMusicId()=null, getClass()=class com.ojas.model.MusicMaster, hashCode()=1370756449, toString()=com.ojas.model.MusicMaster@51b41561]
2020-10-30 18:33:22 DEBUG req enter into the controllerAlbumTypeMaster [albumId=null, albumName=ARehman, year=2020]
2020-10-30 18:33:22 DEBUG album type request enter into the service class  AlbumTypeMaster [albumId=null, albumName=ARehman, year=2020]
2020-10-30 18:34:51 DEBUG req enter into the controllerArtist [artistId=null, artistName=null, profession=Hero]
2020-10-30 18:34:51 DEBUG title request enter into the service class  Artist [artistId=null, artistName=null, profession=Hero]
2020-10-30 18:34:51 ERROR Fields should not be null
2020-10-30 18:35:39 DEBUG req enter into the controllerArtist [artistId=null, artistName=null, profession=Hero]
2020-10-30 18:35:39 DEBUG title request enter into the service class  Artist [artistId=null, artistName=null, profession=Hero]
2020-10-30 18:35:39 ERROR Fields should not be null
2020-10-30 18:37:52 DEBUG req enter into the controllerArtist [artistId=null, artistName=null, profession=Hero]
2020-10-30 18:37:52 DEBUG title request enter into the service class  Artist [artistId=null, artistName=null, profession=Hero]
2020-10-30 18:37:52 ERROR Fields should not be null
2020-10-30 18:38:07 DEBUG req enter into the controllerArtist [artistId=null, artistName=null, profession=Hero]
2020-10-30 18:38:07 DEBUG title request enter into the service class  Artist [artistId=null, artistName=null, profession=Hero]
2020-10-30 18:38:53 DEBUG req enter into the controllerArtist [artistId=null, artistName=raviteja, profession=Hero]
2020-10-30 18:38:53 DEBUG title request enter into the service class  Artist [artistId=null, artistName=raviteja, profession=Hero]
2020-10-30 18:40:27 DEBUG req enter into the controllerGenreMaster [genreId=null, genreName=pathtic]
2020-10-30 18:40:27 DEBUG title request enter into the service class  GenreMaster [genreId=null, genreName=pathtic]
2020-10-30 18:41:26 DEBUG req enter into the controllerTitle [titleId=null, titleName=MUnna]
2020-10-30 18:41:26 DEBUG title request enter into the service class  Title [titleId=null, titleName=MUnna]
2020-10-30 18:46:14 DEBUG req enter into the controllerMusicMaster [albumTypeMaster=AlbumTypeMaster [albumId=1, albumName=null, year=null], artistMaster=Artist [artistId=2, artistName=null, profession=null], genreMaster=GenreMaster [genreId=1, genreName=null], titleMaster=Title [titleId=1, titleName=null], musicId=null, getAlbumTypeMaster()=AlbumTypeMaster [albumId=1, albumName=null, year=null], getArtistMaster()=Artist [artistId=2, artistName=null, profession=null], getGenreMaster()=GenreMaster [genreId=1, genreName=null], getTitleMaster()=Title [titleId=1, titleName=null], getMusicId()=null, getClass()=class com.ojas.model.MusicMaster, hashCode()=770177906, toString()=com.ojas.model.MusicMaster@2de7fb72]
2020-10-30 18:46:14 DEBUG title request enter into the service class  MusicMaster [albumTypeMaster=AlbumTypeMaster [albumId=1, albumName=null, year=null], artistMaster=Artist [artistId=2, artistName=null, profession=null], genreMaster=GenreMaster [genreId=1, genreName=null], titleMaster=Title [titleId=1, titleName=null], musicId=null, getAlbumTypeMaster()=AlbumTypeMaster [albumId=1, albumName=null, year=null], getArtistMaster()=Artist [artistId=2, artistName=null, profession=null], getGenreMaster()=GenreMaster [genreId=1, genreName=null], getTitleMaster()=Title [titleId=1, titleName=null], getMusicId()=null, getClass()=class com.ojas.model.MusicMaster, hashCode()=770177906, toString()=com.ojas.model.MusicMaster@2de7fb72]
2020-11-04 10:05:35 DEBUG req enter into the controllerArtist [artistId=null, artistName=subbu, profession=hero]
2020-11-04 10:05:35 DEBUG title request enter into the service class  Artist [artistId=null, artistName=subbu, profession=hero]
2020-11-04 10:07:18 DEBUG req enter into the controllerArtist [artistId=null, artistName=mani, profession=hroin]
2020-11-04 10:07:18 DEBUG title request enter into the service class  Artist [artistId=null, artistName=mani, profession=hroin]
